<!DOCTYPE html PUBLIC "-//W3C//DTD XHTML 1.1//EN" "http://www.w3.org/TR/xhtml11/DTD/xhtml11.dtd">
<html xmlns="http://www.w3.org/1999/xhtml">
<head>
<meta http-equiv="content-type" content="text/html; charset=UTF-8"/>
<title>TestNG Report</title>
<style type="text/css">table {margin-bottom:10px;border-collapse:collapse;empty-cells:show}th,td {border:1px solid #009;padding:.25em .5em}th {vertical-align:bottom}td {vertical-align:top}table a {font-weight:bold}.stripe td {background-color: #E6EBF9}.num {text-align:right}.passedodd td {background-color: #3F3}.passedeven td {background-color: #0A0}.skippedodd td {background-color: #DDD}.skippedeven td {background-color: #CCC}.failedodd td,.attn {background-color: #F33}.failedeven td,.stripe .attn {background-color: #D00}.stacktrace {white-space:pre;font-family:monospace}.totop {font-size:85%;text-align:center;border-bottom:2px solid #000}.invisible {display:none}</style>
</head>
<body>
<table>
<tr><th>Test</th><th># Passed</th><th># Skipped</th><th># Failed</th><th>Time (ms)</th><th>Included Groups</th><th>Excluded Groups</th></tr>
<tr><th colspan="7">Aenglo_Sco</th></tr>
<tr><td><a href="#t0">Aenglo App Test</a></td><td class="num">0</td><td class="num attn">27</td><td class="num">0</td><td class="num">184</td><td></td><td></td></tr>
</table>
<table id='summary'><thead><tr><th>Class</th><th>Method</th><th>Start</th><th>Time (ms)</th></tr></thead><tbody><tr><th colspan="4">Aenglo_Sco</th></tr></tbody><tbody id="t0"><tr><th colspan="4">Aenglo App Test &#8212; failed (configuration methods)</th></tr><tr class="failedeven"><td rowspan="1">testCases.TC_Content_Check</td><td><a href="#m0">setup</a></td><td rowspan="1">1690567494371</td><td rowspan="1">0</td></tr><tr><th colspan="4">Aenglo App Test &#8212; skipped (configuration methods)</th></tr><tr class="skippedeven"><td rowspan="1">testCases.TC_Content_Check</td><td><a href="#m1">tearDown</a></td><td rowspan="1">1690567494422</td><td rowspan="1">0</td></tr><tr><th colspan="4">Aenglo App Test &#8212; skipped</th></tr><tr class="skippedeven"><td rowspan="27">testCases.TC_Content_Check</td><td><a href="#m2">TC_Content_Check</a></td><td rowspan="27">1690567494418</td><td rowspan="27">0</td></tr><tr class="skippedeven"><td><a href="#m3">TC_Content_Check</a></td></tr><tr class="skippedeven"><td><a href="#m4">TC_Content_Check</a></td></tr><tr class="skippedeven"><td><a href="#m5">TC_Content_Check</a></td></tr><tr class="skippedeven"><td><a href="#m6">TC_Content_Check</a></td></tr><tr class="skippedeven"><td><a href="#m7">TC_Content_Check</a></td></tr><tr class="skippedeven"><td><a href="#m8">TC_Content_Check</a></td></tr><tr class="skippedeven"><td><a href="#m9">TC_Content_Check</a></td></tr><tr class="skippedeven"><td><a href="#m10">TC_Content_Check</a></td></tr><tr class="skippedeven"><td><a href="#m11">TC_Content_Check</a></td></tr><tr class="skippedeven"><td><a href="#m12">TC_Content_Check</a></td></tr><tr class="skippedeven"><td><a href="#m13">TC_Content_Check</a></td></tr><tr class="skippedeven"><td><a href="#m14">TC_Content_Check</a></td></tr><tr class="skippedeven"><td><a href="#m15">TC_Content_Check</a></td></tr><tr class="skippedeven"><td><a href="#m16">TC_Content_Check</a></td></tr><tr class="skippedeven"><td><a href="#m17">TC_Content_Check</a></td></tr><tr class="skippedeven"><td><a href="#m18">TC_Content_Check</a></td></tr><tr class="skippedeven"><td><a href="#m19">TC_Content_Check</a></td></tr><tr class="skippedeven"><td><a href="#m20">TC_Content_Check</a></td></tr><tr class="skippedeven"><td><a href="#m21">TC_Content_Check</a></td></tr><tr class="skippedeven"><td><a href="#m22">TC_Content_Check</a></td></tr><tr class="skippedeven"><td><a href="#m23">TC_Content_Check</a></td></tr><tr class="skippedeven"><td><a href="#m24">TC_Content_Check</a></td></tr><tr class="skippedeven"><td><a href="#m25">TC_Content_Check</a></td></tr><tr class="skippedeven"><td><a href="#m26">TC_Content_Check</a></td></tr><tr class="skippedeven"><td><a href="#m27">TC_Content_Check</a></td></tr><tr class="skippedeven"><td><a href="#m28">TC_Content_Check</a></td></tr></tbody>
</table>
<h2>Aenglo App Test</h2><h3 id="m0">testCases.TC_Content_Check#setup</h3><table class="result"><tr><th>Exception</th></tr><tr><td><div class="stacktrace">org.testng.TestNGException: 
Parameter &apos;checkImageblank&apos; is required by BeforeClass on method setup but has not been marked @Optional or defined
in C:\Users\Nusarat.Haveliwala\Desktop\Selanium\SCO_Content4\Testng.xml
... Removed 23 stack frames</div></td></tr></table><p class="totop"><a href="#summary">back to summary</a></p>
<h3 id="m1">testCases.TC_Content_Check#tearDown</h3><table class="result"><tr><th class="invisible"/></tr></table><p class="totop"><a href="#summary">back to summary</a></p>
<h3 id="m2">testCases.TC_Content_Check#TC_Content_Check</h3><table class="result"><tr><th>Exception</th></tr><tr><td><div class="stacktrace">org.testng.TestNGException: 
Parameter &apos;checkImageblank&apos; is required by BeforeClass on method setup but has not been marked @Optional or defined
in C:\Users\Nusarat.Haveliwala\Desktop\Selanium\SCO_Content4\Testng.xml
... Removed 23 stack frames</div></td></tr></table><p class="totop"><a href="#summary">back to summary</a></p>
<h3 id="m3">testCases.TC_Content_Check#TC_Content_Check</h3><table class="result"><tr><th>Exception</th></tr><tr><td><div class="stacktrace">org.testng.TestNGException: 
Parameter &apos;checkImageblank&apos; is required by BeforeClass on method setup but has not been marked @Optional or defined
in C:\Users\Nusarat.Haveliwala\Desktop\Selanium\SCO_Content4\Testng.xml
... Removed 23 stack frames</div></td></tr></table><p class="totop"><a href="#summary">back to summary</a></p>
<h3 id="m4">testCases.TC_Content_Check#TC_Content_Check</h3><table class="result"><tr><th>Exception</th></tr><tr><td><div class="stacktrace">org.testng.TestNGException: 
Parameter &apos;checkImageblank&apos; is required by BeforeClass on method setup but has not been marked @Optional or defined
in C:\Users\Nusarat.Haveliwala\Desktop\Selanium\SCO_Content4\Testng.xml
... Removed 23 stack frames</div></td></tr></table><p class="totop"><a href="#summary">back to summary</a></p>
<h3 id="m5">testCases.TC_Content_Check#TC_Content_Check</h3><table class="result"><tr><th>Exception</th></tr><tr><td><div class="stacktrace">org.testng.TestNGException: 
Parameter &apos;checkImageblank&apos; is required by BeforeClass on method setup but has not been marked @Optional or defined
in C:\Users\Nusarat.Haveliwala\Desktop\Selanium\SCO_Content4\Testng.xml
... Removed 23 stack frames</div></td></tr></table><p class="totop"><a href="#summary">back to summary</a></p>
<h3 id="m6">testCases.TC_Content_Check#TC_Content_Check</h3><table class="result"><tr><th>Exception</th></tr><tr><td><div class="stacktrace">org.testng.TestNGException: 
Parameter &apos;checkImageblank&apos; is required by BeforeClass on method setup but has not been marked @Optional or defined
in C:\Users\Nusarat.Haveliwala\Desktop\Selanium\SCO_Content4\Testng.xml
... Removed 23 stack frames</div></td></tr></table><p class="totop"><a href="#summary">back to summary</a></p>
<h3 id="m7">testCases.TC_Content_Check#TC_Content_Check</h3><table class="result"><tr><th>Exception</th></tr><tr><td><div class="stacktrace">org.testng.TestNGException: 
Parameter &apos;checkImageblank&apos; is required by BeforeClass on method setup but has not been marked @Optional or defined
in C:\Users\Nusarat.Haveliwala\Desktop\Selanium\SCO_Content4\Testng.xml
... Removed 23 stack frames</div></td></tr></table><p class="totop"><a href="#summary">back to summary</a></p>
<h3 id="m8">testCases.TC_Content_Check#TC_Content_Check</h3><table class="result"><tr><th>Exception</th></tr><tr><td><div class="stacktrace">org.testng.TestNGException: 
Parameter &apos;checkImageblank&apos; is required by BeforeClass on method setup but has not been marked @Optional or defined
in C:\Users\Nusarat.Haveliwala\Desktop\Selanium\SCO_Content4\Testng.xml
... Removed 23 stack frames</div></td></tr></table><p class="totop"><a href="#summary">back to summary</a></p>
<h3 id="m9">testCases.TC_Content_Check#TC_Content_Check</h3><table class="result"><tr><th>Exception</th></tr><tr><td><div class="stacktrace">org.testng.TestNGException: 
Parameter &apos;checkImageblank&apos; is required by BeforeClass on method setup but has not been marked @Optional or defined
in C:\Users\Nusarat.Haveliwala\Desktop\Selanium\SCO_Content4\Testng.xml
... Removed 23 stack frames</div></td></tr></table><p class="totop"><a href="#summary">back to summary</a></p>
<h3 id="m10">testCases.TC_Content_Check#TC_Content_Check</h3><table class="result"><tr><th>Exception</th></tr><tr><td><div class="stacktrace">org.testng.TestNGException: 
Parameter &apos;checkImageblank&apos; is required by BeforeClass on method setup but has not been marked @Optional or defined
in C:\Users\Nusarat.Haveliwala\Desktop\Selanium\SCO_Content4\Testng.xml
... Removed 23 stack frames</div></td></tr></table><p class="totop"><a href="#summary">back to summary</a></p>
<h3 id="m11">testCases.TC_Content_Check#TC_Content_Check</h3><table class="result"><tr><th>Exception</th></tr><tr><td><div class="stacktrace">org.testng.TestNGException: 
Parameter &apos;checkImageblank&apos; is required by BeforeClass on method setup but has not been marked @Optional or defined
in C:\Users\Nusarat.Haveliwala\Desktop\Selanium\SCO_Content4\Testng.xml
... Removed 23 stack frames</div></td></tr></table><p class="totop"><a href="#summary">back to summary</a></p>
<h3 id="m12">testCases.TC_Content_Check#TC_Content_Check</h3><table class="result"><tr><th>Exception</th></tr><tr><td><div class="stacktrace">org.testng.TestNGException: 
Parameter &apos;checkImageblank&apos; is required by BeforeClass on method setup but has not been marked @Optional or defined
in C:\Users\Nusarat.Haveliwala\Desktop\Selanium\SCO_Content4\Testng.xml
... Removed 23 stack frames</div></td></tr></table><p class="totop"><a href="#summary">back to summary</a></p>
<h3 id="m13">testCases.TC_Content_Check#TC_Content_Check</h3><table class="result"><tr><th>Exception</th></tr><tr><td><div class="stacktrace">org.testng.TestNGException: 
Parameter &apos;checkImageblank&apos; is required by BeforeClass on method setup but has not been marked @Optional or defined
in C:\Users\Nusarat.Haveliwala\Desktop\Selanium\SCO_Content4\Testng.xml
... Removed 23 stack frames</div></td></tr></table><p class="totop"><a href="#summary">back to summary</a></p>
<h3 id="m14">testCases.TC_Content_Check#TC_Content_Check</h3><table class="result"><tr><th>Exception</th></tr><tr><td><div class="stacktrace">org.testng.TestNGException: 
Parameter &apos;checkImageblank&apos; is required by BeforeClass on method setup but has not been marked @Optional or defined
in C:\Users\Nusarat.Haveliwala\Desktop\Selanium\SCO_Content4\Testng.xml
... Removed 23 stack frames</div></td></tr></table><p class="totop"><a href="#summary">back to summary</a></p>
<h3 id="m15">testCases.TC_Content_Check#TC_Content_Check</h3><table class="result"><tr><th>Exception</th></tr><tr><td><div class="stacktrace">org.testng.TestNGException: 
Parameter &apos;checkImageblank&apos; is required by BeforeClass on method setup but has not been marked @Optional or defined
in C:\Users\Nusarat.Haveliwala\Desktop\Selanium\SCO_Content4\Testng.xml
... Removed 23 stack frames</div></td></tr></table><p class="totop"><a href="#summary">back to summary</a></p>
<h3 id="m16">testCases.TC_Content_Check#TC_Content_Check</h3><table class="result"><tr><th>Exception</th></tr><tr><td><div class="stacktrace">org.testng.TestNGException: 
Parameter &apos;checkImageblank&apos; is required by BeforeClass on method setup but has not been marked @Optional or defined
in C:\Users\Nusarat.Haveliwala\Desktop\Selanium\SCO_Content4\Testng.xml
... Removed 23 stack frames</div></td></tr></table><p class="totop"><a href="#summary">back to summary</a></p>
<h3 id="m17">testCases.TC_Content_Check#TC_Content_Check</h3><table class="result"><tr><th>Exception</th></tr><tr><td><div class="stacktrace">org.testng.TestNGException: 
Parameter &apos;checkImageblank&apos; is required by BeforeClass on method setup but has not been marked @Optional or defined
in C:\Users\Nusarat.Haveliwala\Desktop\Selanium\SCO_Content4\Testng.xml
... Removed 23 stack frames</div></td></tr></table><p class="totop"><a href="#summary">back to summary</a></p>
<h3 id="m18">testCases.TC_Content_Check#TC_Content_Check</h3><table class="result"><tr><th>Exception</th></tr><tr><td><div class="stacktrace">org.testng.TestNGException: 
Parameter &apos;checkImageblank&apos; is required by BeforeClass on method setup but has not been marked @Optional or defined
in C:\Users\Nusarat.Haveliwala\Desktop\Selanium\SCO_Content4\Testng.xml
... Removed 23 stack frames</div></td></tr></table><p class="totop"><a href="#summary">back to summary</a></p>
<h3 id="m19">testCases.TC_Content_Check#TC_Content_Check</h3><table class="result"><tr><th>Exception</th></tr><tr><td><div class="stacktrace">org.testng.TestNGException: 
Parameter &apos;checkImageblank&apos; is required by BeforeClass on method setup but has not been marked @Optional or defined
in C:\Users\Nusarat.Haveliwala\Desktop\Selanium\SCO_Content4\Testng.xml
... Removed 23 stack frames</div></td></tr></table><p class="totop"><a href="#summary">back to summary</a></p>
<h3 id="m20">testCases.TC_Content_Check#TC_Content_Check</h3><table class="result"><tr><th>Exception</th></tr><tr><td><div class="stacktrace">org.testng.TestNGException: 
Parameter &apos;checkImageblank&apos; is required by BeforeClass on method setup but has not been marked @Optional or defined
in C:\Users\Nusarat.Haveliwala\Desktop\Selanium\SCO_Content4\Testng.xml
... Removed 23 stack frames</div></td></tr></table><p class="totop"><a href="#summary">back to summary</a></p>
<h3 id="m21">testCases.TC_Content_Check#TC_Content_Check</h3><table class="result"><tr><th>Exception</th></tr><tr><td><div class="stacktrace">org.testng.TestNGException: 
Parameter &apos;checkImageblank&apos; is required by BeforeClass on method setup but has not been marked @Optional or defined
in C:\Users\Nusarat.Haveliwala\Desktop\Selanium\SCO_Content4\Testng.xml
... Removed 23 stack frames</div></td></tr></table><p class="totop"><a href="#summary">back to summary</a></p>
<h3 id="m22">testCases.TC_Content_Check#TC_Content_Check</h3><table class="result"><tr><th>Exception</th></tr><tr><td><div class="stacktrace">org.testng.TestNGException: 
Parameter &apos;checkImageblank&apos; is required by BeforeClass on method setup but has not been marked @Optional or defined
in C:\Users\Nusarat.Haveliwala\Desktop\Selanium\SCO_Content4\Testng.xml
... Removed 23 stack frames</div></td></tr></table><p class="totop"><a href="#summary">back to summary</a></p>
<h3 id="m23">testCases.TC_Content_Check#TC_Content_Check</h3><table class="result"><tr><th>Exception</th></tr><tr><td><div class="stacktrace">org.testng.TestNGException: 
Parameter &apos;checkImageblank&apos; is required by BeforeClass on method setup but has not been marked @Optional or defined
in C:\Users\Nusarat.Haveliwala\Desktop\Selanium\SCO_Content4\Testng.xml
... Removed 23 stack frames</div></td></tr></table><p class="totop"><a href="#summary">back to summary</a></p>
<h3 id="m24">testCases.TC_Content_Check#TC_Content_Check</h3><table class="result"><tr><th>Exception</th></tr><tr><td><div class="stacktrace">org.testng.TestNGException: 
Parameter &apos;checkImageblank&apos; is required by BeforeClass on method setup but has not been marked @Optional or defined
in C:\Users\Nusarat.Haveliwala\Desktop\Selanium\SCO_Content4\Testng.xml
... Removed 23 stack frames</div></td></tr></table><p class="totop"><a href="#summary">back to summary</a></p>
<h3 id="m25">testCases.TC_Content_Check#TC_Content_Check</h3><table class="result"><tr><th>Exception</th></tr><tr><td><div class="stacktrace">org.testng.TestNGException: 
Parameter &apos;checkImageblank&apos; is required by BeforeClass on method setup but has not been marked @Optional or defined
in C:\Users\Nusarat.Haveliwala\Desktop\Selanium\SCO_Content4\Testng.xml
... Removed 23 stack frames</div></td></tr></table><p class="totop"><a href="#summary">back to summary</a></p>
<h3 id="m26">testCases.TC_Content_Check#TC_Content_Check</h3><table class="result"><tr><th>Exception</th></tr><tr><td><div class="stacktrace">org.testng.TestNGException: 
Parameter &apos;checkImageblank&apos; is required by BeforeClass on method setup but has not been marked @Optional or defined
in C:\Users\Nusarat.Haveliwala\Desktop\Selanium\SCO_Content4\Testng.xml
... Removed 23 stack frames</div></td></tr></table><p class="totop"><a href="#summary">back to summary</a></p>
<h3 id="m27">testCases.TC_Content_Check#TC_Content_Check</h3><table class="result"><tr><th>Exception</th></tr><tr><td><div class="stacktrace">org.testng.TestNGException: 
Parameter &apos;checkImageblank&apos; is required by BeforeClass on method setup but has not been marked @Optional or defined
in C:\Users\Nusarat.Haveliwala\Desktop\Selanium\SCO_Content4\Testng.xml
... Removed 23 stack frames</div></td></tr></table><p class="totop"><a href="#summary">back to summary</a></p>
<h3 id="m28">testCases.TC_Content_Check#TC_Content_Check</h3><table class="result"><tr><th>Exception</th></tr><tr><td><div class="stacktrace">org.testng.TestNGException: 
Parameter &apos;checkImageblank&apos; is required by BeforeClass on method setup but has not been marked @Optional or defined
in C:\Users\Nusarat.Haveliwala\Desktop\Selanium\SCO_Content4\Testng.xml
... Removed 23 stack frames</div></td></tr></table><p class="totop"><a href="#summary">back to summary</a></p>
</body>
</html>
