<?xml version="1.0" encoding="UTF-8"?>
<!-- Generated by org.testng.reporters.JUnitReportReporter -->
<testsuite hostname="INVIND760" failures="0" tests="33" name="testCases.TC_Scroll_Test" time="51.966" errors="2" timestamp="27 Jul 2023 09:13:20 GMT" skipped="0">
  <testcase classname="testCases.TC_Scroll_Test" name="TC_Content_Check" time="1.835"/>
  <testcase classname="testCases.TC_Scroll_Test" name="TC_Content_Check" time="1.540"/>
  <testcase classname="testCases.TC_Scroll_Test" name="TC_Content_Check" time="1.588"/>
  <testcase classname="testCases.TC_Scroll_Test" name="TC_Content_Check" time="1.549"/>
  <testcase classname="testCases.TC_Scroll_Test" name="TC_Content_Check" time="1.603"/>
  <testcase classname="testCases.TC_Scroll_Test" name="TC_Content_Check" time="0.963">
    <error message="Dismissed user prompt dialog: This site is asking you to sign in.: 
Build info: version: &#039;3.14.0&#039;, revision: &#039;aacccce0&#039;, time: &#039;2018-08-02T20:19:58.91Z&#039;
System info: host: &#039;INVIND760&#039;, ip: &#039;192.168.233.50&#039;, os.name: &#039;Windows 11&#039;, os.arch: &#039;amd64&#039;, os.version: &#039;10.0&#039;, java.version: &#039;17.0.6&#039;
Driver info: org.openqa.selenium.firefox.FirefoxDriver
Capabilities {acceptInsecureCerts: true, browserName: firefox, browserVersion: 115.0.2, javascriptEnabled: true, moz:accessibilityChecks: false, moz:buildID: 20230710165010, moz:geckodriverVersion: 0.23.0, moz:headless: false, moz:platformVersion: 10.0, moz:processID: 23352, moz:profile: C:\Users\NUSARA~1.HAV\AppDa..., moz:shutdownTimeout: 60000, moz:useNonSpecCompliantPointerOrigin: false, moz:webdriverClick: true, moz:windowless: false, pageLoadStrategy: normal, platform: WINDOWS, platformName: WINDOWS, proxy: Proxy(), setWindowRect: true, strictFileInteractability: false, timeouts: {implicit: 0, pageLoad: 300000, script: 30000}, unhandledPromptBehavior: dismiss and notify}
Session ID: 85fa453e-9e86-40ad-abac-059d7dbfe2c6" type="org.openqa.selenium.UnhandledAlertException">
      <![CDATA[org.openqa.selenium.UnhandledAlertException: Dismissed user prompt dialog: This site is asking you to sign in.: 
Build info: version: '3.14.0', revision: 'aacccce0', time: '2018-08-02T20:19:58.91Z'
System info: host: 'INVIND760', ip: '192.168.233.50', os.name: 'Windows 11', os.arch: 'amd64', os.version: '10.0', java.version: '17.0.6'
Driver info: org.openqa.selenium.firefox.FirefoxDriver
Capabilities {acceptInsecureCerts: true, browserName: firefox, browserVersion: 115.0.2, javascriptEnabled: true, moz:accessibilityChecks: false, moz:buildID: 20230710165010, moz:geckodriverVersion: 0.23.0, moz:headless: false, moz:platformVersion: 10.0, moz:processID: 23352, moz:profile: C:\Users\NUSARA~1.HAV\AppDa..., moz:shutdownTimeout: 60000, moz:useNonSpecCompliantPointerOrigin: false, moz:webdriverClick: true, moz:windowless: false, pageLoadStrategy: normal, platform: WINDOWS, platformName: WINDOWS, proxy: Proxy(), setWindowRect: true, strictFileInteractability: false, timeouts: {implicit: 0, pageLoad: 300000, script: 30000}, unhandledPromptBehavior: dismiss and notify}
Session ID: 85fa453e-9e86-40ad-abac-059d7dbfe2c6
at org.openqa.selenium.remote.http.W3CHttpResponseCodec.decode(W3CHttpResponseCodec.java:120)
at org.openqa.selenium.remote.http.W3CHttpResponseCodec.decode(W3CHttpResponseCodec.java:49)
at org.openqa.selenium.remote.HttpCommandExecutor.execute(HttpCommandExecutor.java:158)
at org.openqa.selenium.remote.service.DriverCommandExecutor.execute(DriverCommandExecutor.java:83)
at org.openqa.selenium.remote.RemoteWebDriver.execute(RemoteWebDriver.java:548)
at org.openqa.selenium.remote.RemoteWebDriver.get(RemoteWebDriver.java:276)
at testCases.TC_Scroll_Test.TC_Content_Check(TC_Scroll_Test.java:57)
at java.base/jdk.internal.reflect.NativeMethodAccessorImpl.invoke0(Native Method)
at java.base/jdk.internal.reflect.NativeMethodAccessorImpl.invoke(NativeMethodAccessorImpl.java:77)
at java.base/jdk.internal.reflect.DelegatingMethodAccessorImpl.invoke(DelegatingMethodAccessorImpl.java:43)
at java.base/java.lang.reflect.Method.invoke(Method.java:568)
at org.testng.internal.MethodInvocationHelper.invokeMethod(MethodInvocationHelper.java:124)
at org.testng.internal.Invoker.invokeMethod(Invoker.java:583)
at org.testng.internal.Invoker.invokeTestMethod(Invoker.java:719)
at org.testng.internal.Invoker.invokeTestMethods(Invoker.java:989)
at org.testng.internal.TestMethodWorker.invokeTestMethods(TestMethodWorker.java:125)
at org.testng.internal.TestMethodWorker.run(TestMethodWorker.java:109)
at org.testng.TestRunner.privateRun(TestRunner.java:648)
at org.testng.TestRunner.run(TestRunner.java:505)
at org.testng.SuiteRunner.runTest(SuiteRunner.java:455)
at org.testng.SuiteRunner.runSequentially(SuiteRunner.java:450)
at org.testng.SuiteRunner.privateRun(SuiteRunner.java:415)
at org.testng.SuiteRunner.run(SuiteRunner.java:364)
at org.testng.SuiteRunnerWorker.runSuite(SuiteRunnerWorker.java:52)
at org.testng.SuiteRunnerWorker.run(SuiteRunnerWorker.java:84)
at org.testng.TestNG.runSuitesSequentially(TestNG.java:1208)
at org.testng.TestNG.runSuitesLocally(TestNG.java:1137)
at org.testng.TestNG.runSuites(TestNG.java:1049)
at org.testng.TestNG.run(TestNG.java:1017)
at org.testng.remote.AbstractRemoteTestNG.run(AbstractRemoteTestNG.java:115)
at org.testng.remote.RemoteTestNG.initAndRun(RemoteTestNG.java:251)
at org.testng.remote.RemoteTestNG.main(RemoteTestNG.java:77)
]]>
    </error>
  </testcase> <!-- TC_Content_Check -->
  <testcase classname="testCases.TC_Scroll_Test" name="TC_Content_Check" time="1.720"/>
  <testcase classname="testCases.TC_Scroll_Test" name="TC_Content_Check" time="0.459">
    <error message="Dismissed user prompt dialog: This site is asking you to sign in.: 
Build info: version: &#039;3.14.0&#039;, revision: &#039;aacccce0&#039;, time: &#039;2018-08-02T20:19:58.91Z&#039;
System info: host: &#039;INVIND760&#039;, ip: &#039;192.168.233.50&#039;, os.name: &#039;Windows 11&#039;, os.arch: &#039;amd64&#039;, os.version: &#039;10.0&#039;, java.version: &#039;17.0.6&#039;
Driver info: org.openqa.selenium.firefox.FirefoxDriver
Capabilities {acceptInsecureCerts: true, browserName: firefox, browserVersion: 115.0.2, javascriptEnabled: true, moz:accessibilityChecks: false, moz:buildID: 20230710165010, moz:geckodriverVersion: 0.23.0, moz:headless: false, moz:platformVersion: 10.0, moz:processID: 23352, moz:profile: C:\Users\NUSARA~1.HAV\AppDa..., moz:shutdownTimeout: 60000, moz:useNonSpecCompliantPointerOrigin: false, moz:webdriverClick: true, moz:windowless: false, pageLoadStrategy: normal, platform: WINDOWS, platformName: WINDOWS, proxy: Proxy(), setWindowRect: true, strictFileInteractability: false, timeouts: {implicit: 0, pageLoad: 300000, script: 30000}, unhandledPromptBehavior: dismiss and notify}
Session ID: 85fa453e-9e86-40ad-abac-059d7dbfe2c6" type="org.openqa.selenium.UnhandledAlertException">
      <![CDATA[org.openqa.selenium.UnhandledAlertException: Dismissed user prompt dialog: This site is asking you to sign in.: 
Build info: version: '3.14.0', revision: 'aacccce0', time: '2018-08-02T20:19:58.91Z'
System info: host: 'INVIND760', ip: '192.168.233.50', os.name: 'Windows 11', os.arch: 'amd64', os.version: '10.0', java.version: '17.0.6'
Driver info: org.openqa.selenium.firefox.FirefoxDriver
Capabilities {acceptInsecureCerts: true, browserName: firefox, browserVersion: 115.0.2, javascriptEnabled: true, moz:accessibilityChecks: false, moz:buildID: 20230710165010, moz:geckodriverVersion: 0.23.0, moz:headless: false, moz:platformVersion: 10.0, moz:processID: 23352, moz:profile: C:\Users\NUSARA~1.HAV\AppDa..., moz:shutdownTimeout: 60000, moz:useNonSpecCompliantPointerOrigin: false, moz:webdriverClick: true, moz:windowless: false, pageLoadStrategy: normal, platform: WINDOWS, platformName: WINDOWS, proxy: Proxy(), setWindowRect: true, strictFileInteractability: false, timeouts: {implicit: 0, pageLoad: 300000, script: 30000}, unhandledPromptBehavior: dismiss and notify}
Session ID: 85fa453e-9e86-40ad-abac-059d7dbfe2c6
at org.openqa.selenium.remote.http.W3CHttpResponseCodec.decode(W3CHttpResponseCodec.java:120)
at org.openqa.selenium.remote.http.W3CHttpResponseCodec.decode(W3CHttpResponseCodec.java:49)
at org.openqa.selenium.remote.HttpCommandExecutor.execute(HttpCommandExecutor.java:158)
at org.openqa.selenium.remote.service.DriverCommandExecutor.execute(DriverCommandExecutor.java:83)
at org.openqa.selenium.remote.RemoteWebDriver.execute(RemoteWebDriver.java:548)
at org.openqa.selenium.remote.RemoteWebDriver.get(RemoteWebDriver.java:276)
at testCases.TC_Scroll_Test.TC_Content_Check(TC_Scroll_Test.java:57)
at java.base/jdk.internal.reflect.NativeMethodAccessorImpl.invoke0(Native Method)
at java.base/jdk.internal.reflect.NativeMethodAccessorImpl.invoke(NativeMethodAccessorImpl.java:77)
at java.base/jdk.internal.reflect.DelegatingMethodAccessorImpl.invoke(DelegatingMethodAccessorImpl.java:43)
at java.base/java.lang.reflect.Method.invoke(Method.java:568)
at org.testng.internal.MethodInvocationHelper.invokeMethod(MethodInvocationHelper.java:124)
at org.testng.internal.Invoker.invokeMethod(Invoker.java:583)
at org.testng.internal.Invoker.invokeTestMethod(Invoker.java:719)
at org.testng.internal.Invoker.invokeTestMethods(Invoker.java:989)
at org.testng.internal.TestMethodWorker.invokeTestMethods(TestMethodWorker.java:125)
at org.testng.internal.TestMethodWorker.run(TestMethodWorker.java:109)
at org.testng.TestRunner.privateRun(TestRunner.java:648)
at org.testng.TestRunner.run(TestRunner.java:505)
at org.testng.SuiteRunner.runTest(SuiteRunner.java:455)
at org.testng.SuiteRunner.runSequentially(SuiteRunner.java:450)
at org.testng.SuiteRunner.privateRun(SuiteRunner.java:415)
at org.testng.SuiteRunner.run(SuiteRunner.java:364)
at org.testng.SuiteRunnerWorker.runSuite(SuiteRunnerWorker.java:52)
at org.testng.SuiteRunnerWorker.run(SuiteRunnerWorker.java:84)
at org.testng.TestNG.runSuitesSequentially(TestNG.java:1208)
at org.testng.TestNG.runSuitesLocally(TestNG.java:1137)
at org.testng.TestNG.runSuites(TestNG.java:1049)
at org.testng.TestNG.run(TestNG.java:1017)
at org.testng.remote.AbstractRemoteTestNG.run(AbstractRemoteTestNG.java:115)
at org.testng.remote.RemoteTestNG.initAndRun(RemoteTestNG.java:251)
at org.testng.remote.RemoteTestNG.main(RemoteTestNG.java:77)
]]>
    </error>
  </testcase> <!-- TC_Content_Check -->
  <testcase classname="testCases.TC_Scroll_Test" name="TC_Content_Check" time="1.558"/>
  <testcase classname="testCases.TC_Scroll_Test" name="TC_Content_Check" time="1.551"/>
  <testcase classname="testCases.TC_Scroll_Test" name="TC_Content_Check" time="1.552"/>
  <testcase classname="testCases.TC_Scroll_Test" name="TC_Content_Check" time="1.539"/>
  <testcase classname="testCases.TC_Scroll_Test" name="TC_Content_Check" time="1.516"/>
  <testcase classname="testCases.TC_Scroll_Test" name="TC_Content_Check" time="1.539"/>
  <testcase classname="testCases.TC_Scroll_Test" name="TC_Content_Check" time="1.609"/>
  <testcase classname="testCases.TC_Scroll_Test" name="TC_Content_Check" time="1.594"/>
  <testcase classname="testCases.TC_Scroll_Test" name="TC_Content_Check" time="1.506"/>
  <testcase classname="testCases.TC_Scroll_Test" name="TC_Content_Check" time="1.654"/>
  <testcase classname="testCases.TC_Scroll_Test" name="TC_Content_Check" time="1.669"/>
  <testcase classname="testCases.TC_Scroll_Test" name="TC_Content_Check" time="1.617"/>
  <testcase classname="testCases.TC_Scroll_Test" name="TC_Content_Check" time="1.606"/>
  <testcase classname="testCases.TC_Scroll_Test" name="TC_Content_Check" time="1.637"/>
  <testcase classname="testCases.TC_Scroll_Test" name="TC_Content_Check" time="1.571"/>
  <testcase classname="testCases.TC_Scroll_Test" name="TC_Content_Check" time="1.778"/>
  <testcase classname="testCases.TC_Scroll_Test" name="TC_Content_Check" time="1.504"/>
  <testcase classname="testCases.TC_Scroll_Test" name="TC_Content_Check" time="1.670"/>
  <testcase classname="testCases.TC_Scroll_Test" name="TC_Content_Check" time="1.613"/>
  <testcase classname="testCases.TC_Scroll_Test" name="TC_Content_Check" time="1.656"/>
  <testcase classname="testCases.TC_Scroll_Test" name="TC_Content_Check" time="1.800"/>
  <testcase classname="testCases.TC_Scroll_Test" name="TC_Content_Check" time="2.281"/>
  <testcase classname="testCases.TC_Scroll_Test" name="TC_Content_Check" time="1.558"/>
  <testcase classname="testCases.TC_Scroll_Test" name="TC_Content_Check" time="1.632"/>
  <testcase classname="testCases.TC_Scroll_Test" name="TC_Content_Check" time="1.499"/>
</testsuite> <!-- testCases.TC_Scroll_Test -->
