<?xml version="1.0" encoding="UTF-8"?>
<!-- Generated by org.testng.reporters.JUnitXMLReporter -->
<testsuite ignored="0" hostname="INVIND760" failures="1" tests="16" name="Aenglo App Test" time="396.613" errors="0" timestamp="27 Apr 2023 08:52:41 GMT">
  <testcase classname="testCases.TC_005_alt_in_image_test" name="TC_005_alt_in_image" time="45.219">
    <failure type="java.lang.AssertionError" message="expected [true] but found [false]">
      <![CDATA[java.lang.AssertionError: expected [true] but found [false]
at testCases.TC_005_alt_in_image_test.TC_005_alt_in_image(TC_005_alt_in_image_test.java:116)
... Removed 29 stack frames]]>
    </failure>
  </testcase> <!-- TC_005_alt_in_image -->
  <testcase classname="testCases.TC_005_alt_in_image_test" name="TC_005_alt_in_image" time="28.441"/>
  <testcase classname="testCases.TC_005_alt_in_image_test" name="TC_005_alt_in_image" time="19.042"/>
  <testcase classname="testCases.TC_005_alt_in_image_test" name="TC_005_alt_in_image" time="29.087"/>
  <testcase classname="testCases.TC_005_alt_in_image_test" name="TC_005_alt_in_image" time="29.552"/>
  <testcase classname="testCases.TC_005_alt_in_image_test" name="TC_005_alt_in_image" time="28.39"/>
  <testcase classname="testCases.TC_005_alt_in_image_test" name="TC_005_alt_in_image" time="34.193"/>
  <testcase classname="testCases.TC_005_alt_in_image_test" name="TC_005_alt_in_image" time="20.054"/>
  <testcase classname="testCases.TC_005_alt_in_image_test" name="TC_005_alt_in_image" time="24.885"/>
  <testcase classname="testCases.TC_005_alt_in_image_test" name="TC_005_alt_in_image" time="12.304"/>
  <testcase classname="testCases.TC_005_alt_in_image_test" name="TC_005_alt_in_image" time="19.312"/>
  <testcase classname="testCases.TC_005_alt_in_image_test" name="TC_005_alt_in_image" time="20.216"/>
  <testcase classname="testCases.TC_005_alt_in_image_test" name="TC_005_alt_in_image" time="19.575"/>
  <testcase classname="testCases.TC_005_alt_in_image_test" name="TC_005_alt_in_image" time="20.882"/>
  <testcase classname="testCases.TC_005_alt_in_image_test" name="TC_005_alt_in_image" time="19.881"/>
  <testcase classname="testCases.TC_005_alt_in_image_test" name="TC_005_alt_in_image" time="21.415"/>
</testsuite> <!-- Aenglo App Test -->
